#! /opt/homebrew/Cellar/icarus-verilog/11.0/bin/vvp
:ivl_version "11.0 (stable)";
:ivl_delay_selection "TYPICAL";
:vpi_time_precision + 0;
:vpi_module "/opt/homebrew/Cellar/icarus-verilog/11.0/lib/ivl/system.vpi";
:vpi_module "/opt/homebrew/Cellar/icarus-verilog/11.0/lib/ivl/vhdl_sys.vpi";
:vpi_module "/opt/homebrew/Cellar/icarus-verilog/11.0/lib/ivl/vhdl_textio.vpi";
:vpi_module "/opt/homebrew/Cellar/icarus-verilog/11.0/lib/ivl/v2005_math.vpi";
:vpi_module "/opt/homebrew/Cellar/icarus-verilog/11.0/lib/ivl/va_math.vpi";
S_0x14b60ad80 .scope module, "tb" "tb" 2 2;
 .timescale 0 0;
v0x14b6081a0_0 .var "a", 0 0;
v0x14b61acf0_0 .var "b", 0 0;
v0x14b61ad90_0 .var "c", 0 0;
    .scope S_0x14b60ad80;
T_0 ;
    %delay 10, 0;
    %vpi_call 2 9 "$monitor", v0x14b6081a0_0, v0x14b61acf0_0, v0x14b61ad90_0 {0 0 0};
    %end;
    .thread T_0;
    .scope S_0x14b60ad80;
T_1 ;
    %delay 10, 0;
    %pushi/vec4 1, 0, 1;
    %store/vec4 v0x14b61ad90_0, 0, 1;
    %load/vec4 v0x14b61ad90_0;
    %assign/vec4 v0x14b6081a0_0, 0;
    %load/vec4 v0x14b61ad90_0;
    %store/vec4 v0x14b61acf0_0, 0, 1;
    %end;
    .thread T_1;
    .scope S_0x14b60ad80;
T_2 ;
    %delay 10, 0;
    %pushi/vec4 0, 0, 1;
    %store/vec4 v0x14b61ad90_0, 0, 1;
    %load/vec4 v0x14b61ad90_0;
    %assign/vec4 v0x14b6081a0_0, 0;
    %load/vec4 v0x14b61ad90_0;
    %store/vec4 v0x14b61acf0_0, 0, 1;
    %end;
    .thread T_2;
# The file index is used to find the file name in the following table.
:file_names 3;
    "N/A";
    "<interactive>";
    "tb.v";
